{
"contracts\\AppFees.sol":{"l":{"31":0,"32":0,"45":0,"46":0,"47":0,"48":0,"49":0,"50":0,"61":0,"62":0,"63":0,"74":0},"path":"D:\\Bhupesh\\Office\\gie-contracts\\contract-solidity-gie-dev\\contracts\\AppFees.sol","s":{"1":0,"2":0,"3":0,"4":0,"5":0,"6":0,"7":0,"8":0,"9":0,"10":0},"b":{"1":[0,0],"2":[0,0],"3":[0,0],"4":[0,0],"5":[0,0],"6":[0,0],"7":[0,0],"8":[0,0]},"f":{"1":0,"2":0,"3":0},"fnMap":{"1":{"name":"transfer","line":44,"loc":{"start":{"line":41,"column":4},"end":{"line":51,"column":4}}},"2":{"name":"transferOwnership","line":60,"loc":{"start":{"line":58,"column":4},"end":{"line":64,"column":4}}},"3":{"name":"getBalance","line":71,"loc":{"start":{"line":71,"column":4},"end":{"line":75,"column":4}}}},"statementMap":{"1":{"start":{"line":45,"column":8},"end":{"line":45,"column":64}},"2":{"start":{"line":46,"column":8},"end":{"line":46,"column":44}},"3":{"start":{"line":47,"column":8},"end":{"line":47,"column":70}},"4":{"start":{"line":48,"column":8},"end":{"line":48,"column":70}},"5":{"start":{"line":49,"column":8},"end":{"line":49,"column":46}},"6":{"start":{"line":50,"column":8},"end":{"line":50,"column":52}},"7":{"start":{"line":61,"column":8},"end":{"line":61,"column":80}},"8":{"start":{"line":62,"column":8},"end":{"line":62,"column":63}},"9":{"start":{"line":63,"column":8},"end":{"line":63,"column":35}},"10":{"start":{"line":74,"column":8},"end":{"line":74,"column":36}}},"branchMap":{"1":{"line":44,"type":"if","locations":[{"start":{"line":44,"column":15},"end":{"line":44,"column":15}},{"start":{"line":44,"column":15},"end":{"line":44,"column":15}}]},"2":{"line":45,"type":"if","locations":[{"start":{"line":45,"column":8},"end":{"line":45,"column":8}},{"start":{"line":45,"column":8},"end":{"line":45,"column":8}}]},"3":{"line":46,"type":"if","locations":[{"start":{"line":46,"column":8},"end":{"line":46,"column":8}},{"start":{"line":46,"column":8},"end":{"line":46,"column":8}}]},"4":{"line":47,"type":"if","locations":[{"start":{"line":47,"column":8},"end":{"line":47,"column":8}},{"start":{"line":47,"column":8},"end":{"line":47,"column":8}}]},"5":{"line":49,"type":"if","locations":[{"start":{"line":49,"column":8},"end":{"line":49,"column":8}},{"start":{"line":49,"column":8},"end":{"line":49,"column":8}}]},"6":{"line":60,"type":"if","locations":[{"start":{"line":60,"column":22},"end":{"line":60,"column":22}},{"start":{"line":60,"column":22},"end":{"line":60,"column":22}}]},"7":{"line":61,"type":"if","locations":[{"start":{"line":61,"column":8},"end":{"line":61,"column":8}},{"start":{"line":61,"column":8},"end":{"line":61,"column":8}}]},"8":{"line":62,"type":"if","locations":[{"start":{"line":62,"column":8},"end":{"line":62,"column":8}},{"start":{"line":62,"column":8},"end":{"line":62,"column":8}}]}}},
"contracts\\GieToken.sol":{"l":{"33":3,"34":3,"35":3,"46":0,"47":0,"48":0,"64":0,"65":0,"66":0,"79":0,"80":0,"93":0,"94":0,"110":0,"111":0,"112":0,"113":0,"131":0,"132":0,"133":0,"134":0,"150":0,"151":0,"152":0,"168":0,"169":0,"170":0,"171":0,"172":0,"187":0,"188":0,"189":0,"190":0,"191":0,"192":0,"193":0,"206":3,"207":3,"208":3,"209":3,"222":0,"223":0,"224":0,"225":0,"226":0,"227":0,"242":0,"243":0,"244":0,"245":0,"260":0,"261":0,"262":0,"263":0,"275":0,"286":0,"297":0,"308":0,"322":6,"338":0},"path":"D:\\Bhupesh\\Office\\gie-contracts\\contract-solidity-gie-dev\\contracts\\GieToken.sol","s":{"1":3,"2":0,"3":0,"4":0,"5":0,"6":0,"7":0,"8":0,"9":0,"10":0,"11":0,"12":0,"13":0,"14":0,"15":0,"16":0,"17":0,"18":0,"19":0,"20":0,"21":0,"22":0,"23":0,"24":0,"25":0,"26":0,"27":0,"28":0,"29":0,"30":0,"31":0,"32":0,"33":3,"34":3,"35":0,"36":0,"37":0,"38":0,"39":0,"40":0,"41":0,"42":0,"43":0,"44":0,"45":0,"46":0,"47":0,"48":0,"49":0,"50":6,"51":0},"b":{"1":[0,0],"2":[0,0],"3":[0,0],"4":[0,0],"5":[0,0],"6":[0,0],"7":[0,0],"8":[0,0],"9":[0,0],"10":[0,0],"11":[0,0],"12":[0,0],"13":[3,0],"14":[0,0],"15":[0,0],"16":[0,0],"17":[0,0],"18":[0,0],"19":[0,0]},"f":{"1":3,"2":0,"3":0,"4":0,"5":0,"6":0,"7":0,"8":0,"9":0,"10":0,"11":3,"12":0,"13":0,"14":0,"15":0,"16":0,"17":0,"18":0,"19":6,"20":0},"fnMap":{"1":{"name":"constructor","line":29,"loc":{"start":{"line":29,"column":4},"end":{"line":36,"column":4}}},"2":{"name":"transferOwnership","line":45,"loc":{"start":{"line":43,"column":4},"end":{"line":49,"column":4}}},"3":{"name":"transfer","line":58,"loc":{"start":{"line":58,"column":4},"end":{"line":67,"column":4}}},"4":{"name":"mint","line":78,"loc":{"start":{"line":75,"column":4},"end":{"line":81,"column":4}}},"5":{"name":"burn","line":92,"loc":{"start":{"line":89,"column":4},"end":{"line":95,"column":4}}},"6":{"name":"approve","line":104,"loc":{"start":{"line":104,"column":4},"end":{"line":114,"column":4}}},"7":{"name":"transferFrom","line":124,"loc":{"start":{"line":124,"column":4},"end":{"line":135,"column":4}}},"8":{"name":"increaseAllowance","line":144,"loc":{"start":{"line":144,"column":4},"end":{"line":153,"column":4}}},"9":{"name":"decreaseAllowance","line":162,"loc":{"start":{"line":162,"column":4},"end":{"line":173,"column":4}}},"10":{"name":"_transfer","line":182,"loc":{"start":{"line":182,"column":4},"end":{"line":194,"column":4}}},"11":{"name":"_mint","line":202,"loc":{"start":{"line":202,"column":4},"end":{"line":210,"column":4}}},"12":{"name":"_burn","line":218,"loc":{"start":{"line":218,"column":4},"end":{"line":228,"column":4}}},"13":{"name":"_approve","line":237,"loc":{"start":{"line":237,"column":4},"end":{"line":246,"column":4}}},"14":{"name":"_spendAllowance","line":255,"loc":{"start":{"line":255,"column":4},"end":{"line":265,"column":4}}},"15":{"name":"name","line":272,"loc":{"start":{"line":272,"column":4},"end":{"line":276,"column":4}}},"16":{"name":"symbol","line":283,"loc":{"start":{"line":283,"column":4},"end":{"line":287,"column":4}}},"17":{"name":"decimals","line":294,"loc":{"start":{"line":294,"column":4},"end":{"line":298,"column":4}}},"18":{"name":"totalSupply","line":305,"loc":{"start":{"line":305,"column":4},"end":{"line":309,"column":4}}},"19":{"name":"balanceOf","line":317,"loc":{"start":{"line":317,"column":4},"end":{"line":323,"column":4}}},"20":{"name":"allowance","line":332,"loc":{"start":{"line":332,"column":4},"end":{"line":339,"column":4}}}},"statementMap":{"1":{"start":{"line":35,"column":8},"end":{"line":35,"column":47}},"2":{"start":{"line":46,"column":8},"end":{"line":46,"column":81}},"3":{"start":{"line":47,"column":8},"end":{"line":47,"column":64}},"4":{"start":{"line":48,"column":8},"end":{"line":48,"column":35}},"5":{"start":{"line":64,"column":8},"end":{"line":64,"column":36}},"6":{"start":{"line":65,"column":8},"end":{"line":65,"column":35}},"7":{"start":{"line":66,"column":8},"end":{"line":66,"column":19}},"8":{"start":{"line":79,"column":8},"end":{"line":79,"column":79}},"9":{"start":{"line":80,"column":8},"end":{"line":80,"column":29}},"10":{"start":{"line":93,"column":8},"end":{"line":93,"column":79}},"11":{"start":{"line":94,"column":8},"end":{"line":94,"column":29}},"12":{"start":{"line":110,"column":8},"end":{"line":110,"column":82}},"13":{"start":{"line":111,"column":8},"end":{"line":111,"column":36}},"14":{"start":{"line":112,"column":8},"end":{"line":112,"column":39}},"15":{"start":{"line":113,"column":8},"end":{"line":113,"column":19}},"16":{"start":{"line":131,"column":8},"end":{"line":131,"column":38}},"17":{"start":{"line":132,"column":8},"end":{"line":132,"column":45}},"18":{"start":{"line":133,"column":8},"end":{"line":133,"column":34}},"19":{"start":{"line":134,"column":8},"end":{"line":134,"column":19}},"20":{"start":{"line":150,"column":8},"end":{"line":150,"column":36}},"21":{"start":{"line":151,"column":8},"end":{"line":151,"column":71}},"22":{"start":{"line":152,"column":8},"end":{"line":152,"column":19}},"23":{"start":{"line":168,"column":8},"end":{"line":168,"column":36}},"24":{"start":{"line":169,"column":8},"end":{"line":169,"column":60}},"25":{"start":{"line":170,"column":8},"end":{"line":170,"column":92}},"26":{"start":{"line":171,"column":8},"end":{"line":171,"column":67}},"27":{"start":{"line":172,"column":8},"end":{"line":172,"column":19}},"28":{"start":{"line":187,"column":8},"end":{"line":187,"column":75}},"29":{"start":{"line":188,"column":8},"end":{"line":188,"column":71}},"30":{"start":{"line":189,"column":8},"end":{"line":189,"column":45}},"31":{"start":{"line":190,"column":8},"end":{"line":190,"column":79}},"32":{"start":{"line":193,"column":8},"end":{"line":193,"column":39}},"33":{"start":{"line":206,"column":8},"end":{"line":206,"column":72}},"34":{"start":{"line":209,"column":8},"end":{"line":209,"column":50}},"35":{"start":{"line":222,"column":8},"end":{"line":222,"column":74}},"36":{"start":{"line":223,"column":8},"end":{"line":223,"column":51}},"37":{"start":{"line":224,"column":8},"end":{"line":224,"column":78}},"38":{"start":{"line":227,"column":8},"end":{"line":227,"column":50}},"39":{"start":{"line":242,"column":8},"end":{"line":242,"column":75}},"40":{"start":{"line":243,"column":8},"end":{"line":243,"column":75}},"41":{"start":{"line":245,"column":8},"end":{"line":245,"column":45}},"42":{"start":{"line":260,"column":8},"end":{"line":260,"column":60}},"43":{"start":{"line":261,"column":8},"end":{"line":261,"column":8586}},"44":{"start":{"line":262,"column":12},"end":{"line":262,"column":79}},"45":{"start":{"line":263,"column":12},"end":{"line":263,"column":62}},"46":{"start":{"line":275,"column":8},"end":{"line":275,"column":20}},"47":{"start":{"line":286,"column":8},"end":{"line":286,"column":22}},"48":{"start":{"line":297,"column":8},"end":{"line":297,"column":17}},"49":{"start":{"line":308,"column":8},"end":{"line":308,"column":27}},"50":{"start":{"line":322,"column":8},"end":{"line":322,"column":33}},"51":{"start":{"line":338,"column":8},"end":{"line":338,"column":42}}},"branchMap":{"1":{"line":45,"type":"if","locations":[{"start":{"line":45,"column":22},"end":{"line":45,"column":22}},{"start":{"line":45,"column":22},"end":{"line":45,"column":22}}]},"2":{"line":46,"type":"if","locations":[{"start":{"line":46,"column":8},"end":{"line":46,"column":8}},{"start":{"line":46,"column":8},"end":{"line":46,"column":8}}]},"3":{"line":47,"type":"if","locations":[{"start":{"line":47,"column":8},"end":{"line":47,"column":8}},{"start":{"line":47,"column":8},"end":{"line":47,"column":8}}]},"4":{"line":78,"type":"if","locations":[{"start":{"line":78,"column":13},"end":{"line":78,"column":13}},{"start":{"line":78,"column":13},"end":{"line":78,"column":13}}]},"5":{"line":79,"type":"if","locations":[{"start":{"line":79,"column":8},"end":{"line":79,"column":8}},{"start":{"line":79,"column":8},"end":{"line":79,"column":8}}]},"6":{"line":92,"type":"if","locations":[{"start":{"line":92,"column":13},"end":{"line":92,"column":13}},{"start":{"line":92,"column":13},"end":{"line":92,"column":13}}]},"7":{"line":93,"type":"if","locations":[{"start":{"line":93,"column":8},"end":{"line":93,"column":8}},{"start":{"line":93,"column":8},"end":{"line":93,"column":8}}]},"8":{"line":110,"type":"if","locations":[{"start":{"line":110,"column":8},"end":{"line":110,"column":8}},{"start":{"line":110,"column":8},"end":{"line":110,"column":8}}]},"9":{"line":170,"type":"if","locations":[{"start":{"line":170,"column":8},"end":{"line":170,"column":8}},{"start":{"line":170,"column":8},"end":{"line":170,"column":8}}]},"10":{"line":187,"type":"if","locations":[{"start":{"line":187,"column":8},"end":{"line":187,"column":8}},{"start":{"line":187,"column":8},"end":{"line":187,"column":8}}]},"11":{"line":188,"type":"if","locations":[{"start":{"line":188,"column":8},"end":{"line":188,"column":8}},{"start":{"line":188,"column":8},"end":{"line":188,"column":8}}]},"12":{"line":190,"type":"if","locations":[{"start":{"line":190,"column":8},"end":{"line":190,"column":8}},{"start":{"line":190,"column":8},"end":{"line":190,"column":8}}]},"13":{"line":206,"type":"if","locations":[{"start":{"line":206,"column":8},"end":{"line":206,"column":8}},{"start":{"line":206,"column":8},"end":{"line":206,"column":8}}]},"14":{"line":222,"type":"if","locations":[{"start":{"line":222,"column":8},"end":{"line":222,"column":8}},{"start":{"line":222,"column":8},"end":{"line":222,"column":8}}]},"15":{"line":224,"type":"if","locations":[{"start":{"line":224,"column":8},"end":{"line":224,"column":8}},{"start":{"line":224,"column":8},"end":{"line":224,"column":8}}]},"16":{"line":242,"type":"if","locations":[{"start":{"line":242,"column":8},"end":{"line":242,"column":8}},{"start":{"line":242,"column":8},"end":{"line":242,"column":8}}]},"17":{"line":243,"type":"if","locations":[{"start":{"line":243,"column":8},"end":{"line":243,"column":8}},{"start":{"line":243,"column":8},"end":{"line":243,"column":8}}]},"18":{"line":261,"type":"if","locations":[{"start":{"line":261,"column":8},"end":{"line":261,"column":8}},{"start":{"line":261,"column":8},"end":{"line":261,"column":8}}]},"19":{"line":262,"type":"if","locations":[{"start":{"line":262,"column":12},"end":{"line":262,"column":12}},{"start":{"line":262,"column":12},"end":{"line":262,"column":12}}]}}},
"contracts\\TokensSwap.sol":{"l":{"288":0,"289":0,"297":0,"298":0,"307":0,"308":0,"315":0,"316":0,"330":0,"339":0,"348":0,"366":104,"367":104,"368":104,"379":52,"380":52,"397":52,"398":52,"399":0,"410":2,"411":1,"412":0,"423":2,"424":1,"425":0,"426":0,"427":0,"428":0,"439":2,"440":1,"441":0,"442":0,"443":0,"454":17,"455":17,"456":17,"457":17,"458":17,"459":0,"471":14,"472":14,"473":14,"474":14,"475":14,"476":0,"514":12,"518":10,"525":15,"530":11,"534":9,"560":7,"567":3,"568":3,"569":3,"570":3,"571":3,"572":3,"573":3,"574":3,"575":3,"576":3,"584":0,"609":2,"610":2,"611":2,"612":0,"613":0,"614":0,"617":0,"618":0,"619":0,"620":0,"622":0,"650":1,"651":1,"652":1,"653":0,"654":0,"655":0,"658":0,"659":0,"660":0,"661":0,"663":0,"689":1,"690":0,"691":0,"692":0,"693":0,"696":0,"697":0,"698":0,"699":0,"700":0,"701":0,"703":0,"729":2,"730":1,"731":0,"732":0,"733":0,"736":0,"737":0,"738":0,"739":0,"740":0,"741":0,"743":0,"769":2,"770":1,"771":0,"772":0,"773":0,"774":0,"775":0,"776":0,"777":0,"778":0,"780":0,"806":2,"807":1,"808":0,"809":0,"810":0,"811":0,"812":0,"813":0,"814":0,"815":0,"817":0,"834":2,"839":1,"840":1,"851":3,"852":2,"853":1,"864":3,"865":2,"866":1,"881":13,"882":12,"883":10,"884":4,"885":1,"886":0,"888":4,"889":2,"891":2,"892":0,"904":4,"905":3,"906":2,"921":0,"922":0,"923":0,"924":0,"925":0,"926":0,"927":0,"945":2,"950":1,"951":1,"973":6,"974":6,"975":1,"976":0,"978":1,"979":0,"981":0,"982":0,"999":11,"1000":11,"1001":3,"1007":8,"1030":2,"1048":2,"1066":2,"1072":1,"1088":17,"1104":14,"1122":21,"1139":10,"1140":4,"1141":4,"1155":6,"1156":6,"1157":9,"1158":5,"1159":5,"1162":6},"path":"D:\\Bhupesh\\Office\\gie-contracts\\contract-solidity-gie-dev\\contracts\\TokensSwap.sol","s":{"1":0,"2":0,"3":0,"4":0,"5":0,"6":0,"7":0,"8":0,"9":0,"10":0,"11":0,"12":104,"13":104,"14":52,"15":52,"16":52,"17":2,"18":1,"19":2,"20":1,"21":0,"22":0,"23":0,"24":2,"25":1,"26":0,"27":0,"28":17,"29":17,"30":17,"31":14,"32":14,"33":14,"34":12,"35":15,"36":11,"37":7,"38":2,"39":2,"40":2,"41":0,"42":0,"43":0,"44":0,"45":0,"46":0,"47":0,"48":1,"49":1,"50":1,"51":0,"52":0,"53":0,"54":0,"55":0,"56":0,"57":0,"58":1,"59":0,"60":0,"61":0,"62":0,"63":0,"64":0,"65":0,"66":0,"67":0,"68":0,"69":2,"70":1,"71":0,"72":0,"73":0,"74":0,"75":0,"76":0,"77":0,"78":0,"79":0,"80":2,"81":1,"82":0,"83":0,"84":0,"85":0,"86":0,"87":0,"88":0,"89":0,"90":2,"91":1,"92":0,"93":0,"94":0,"95":0,"96":0,"97":0,"98":0,"99":0,"100":2,"101":3,"102":2,"103":3,"104":2,"105":13,"106":12,"107":10,"108":4,"109":1,"110":0,"111":6,"112":4,"113":2,"114":2,"115":0,"116":4,"117":3,"118":2,"119":0,"120":0,"121":0,"122":0,"123":0,"124":0,"125":0,"126":2,"127":6,"128":1,"129":0,"130":0,"131":11,"132":11,"133":3,"134":8,"135":2,"136":2,"137":2,"138":1,"139":17,"140":14,"141":21,"142":10,"143":4,"144":6,"145":6,"146":9,"147":6},"b":{"1":[0,0],"2":[0,0],"3":[0,0],"4":[0,0],"5":[0,0],"6":[0,0],"7":[0,0],"8":[0,0],"9":[0,0],"10":[0,0],"11":[0,0],"12":[104,0],"13":[62,42],"14":[104,0],"15":[0,0],"16":[1,1],"17":[0,1],"18":[1,1],"19":[0,1],"20":[1,1],"21":[0,1],"22":[17,0],"23":[14,0],"24":[10,2],"25":[11,4],"26":[9,2],"27":[3,4],"28":[2,0],"29":[2,0],"30":[2,0],"31":[0,0],"32":[0,0],"33":[1,1],"34":[1,0],"35":[1,0],"36":[0,0],"37":[0,0],"38":[1,1],"39":[0,1],"40":[0,0],"41":[0,0],"42":[2,0],"43":[1,1],"44":[0,0],"45":[0,0],"46":[2,0],"47":[1,1],"48":[0,0],"49":[0,0],"50":[2,0],"51":[1,1],"52":[0,0],"53":[0,0],"54":[5,1],"55":[2,3],"56":[1,1],"57":[1,0],"58":[3,1],"59":[2,1],"60":[1,1],"61":[3,1],"62":[2,1],"63":[1,1],"64":[13,1],"65":[12,1],"66":[10,2],"67":[4,6],"68":[4,2],"69":[4,1],"70":[3,1],"71":[2,1],"72":[0,0],"73":[0,0],"74":[1,1],"75":[1,0],"76":[0,1],"77":[0,0],"78":[3,8],"79":[0,3],"80":[3,5],"81":[4,6],"82":[5,4]},"f":{"1":0,"2":0,"3":0,"4":0,"5":0,"6":0,"7":0,"8":104,"9":52,"10":52,"11":2,"12":2,"13":2,"14":17,"15":14,"16":12,"17":15,"18":7,"19":2,"20":1,"21":1,"22":2,"23":2,"24":2,"25":2,"26":3,"27":3,"28":13,"29":4,"30":0,"31":2,"32":6,"33":11,"34":2,"35":2,"36":2,"37":1,"38":17,"39":14,"40":21,"41":10,"42":6},"fnMap":{"1":{"name":"safeApprove","line":283,"loc":{"start":{"line":283,"column":4},"end":{"line":290,"column":4}}},"2":{"name":"safeTransfer","line":292,"loc":{"start":{"line":292,"column":4},"end":{"line":299,"column":4}}},"3":{"name":"safeTransferFrom","line":301,"loc":{"start":{"line":301,"column":4},"end":{"line":309,"column":4}}},"4":{"name":"safeTransferETH","line":311,"loc":{"start":{"line":311,"column":4},"end":{"line":317,"column":4}}},"5":{"name":"add","line":324,"loc":{"start":{"line":324,"column":4},"end":{"line":331,"column":4}}},"6":{"name":"sub","line":333,"loc":{"start":{"line":333,"column":4},"end":{"line":340,"column":4}}},"7":{"name":"mul","line":342,"loc":{"start":{"line":342,"column":4},"end":{"line":349,"column":4}}},"8":{"name":"sortTokens","line":359,"loc":{"start":{"line":359,"column":4},"end":{"line":369,"column":4}}},"9":{"name":"pairFor","line":372,"loc":{"start":{"line":372,"column":4},"end":{"line":386,"column":4}}},"10":{"name":"getReserves","line":389,"loc":{"start":{"line":389,"column":4},"end":{"line":400,"column":4}}},"11":{"name":"quote","line":403,"loc":{"start":{"line":403,"column":4},"end":{"line":413,"column":4}}},"12":{"name":"getAmountOut","line":416,"loc":{"start":{"line":416,"column":4},"end":{"line":429,"column":4}}},"13":{"name":"getAmountIn","line":432,"loc":{"start":{"line":432,"column":4},"end":{"line":444,"column":4}}},"14":{"name":"getAmountsOut","line":447,"loc":{"start":{"line":447,"column":4},"end":{"line":461,"column":4}}},"15":{"name":"getAmountsIn","line":464,"loc":{"start":{"line":464,"column":4},"end":{"line":478,"column":4}}},"16":{"name":"ensure","line":511,"loc":{"start":{"line":511,"column":4},"end":{"line":519,"column":4}}},"17":{"name":"onlyValidFees","line":521,"loc":{"start":{"line":521,"column":4},"end":{"line":535,"column":4}}},"18":{"name":"constructor","line":559,"loc":{"start":{"line":552,"column":4},"end":{"line":577,"column":4}}},"19":{"name":"swapExactTokensForTokens","line":606,"loc":{"start":{"line":599,"column":4},"end":{"line":626,"column":4}}},"20":{"name":"swapTokensForExactTokens","line":647,"loc":{"start":{"line":640,"column":4},"end":{"line":667,"column":4}}},"21":{"name":"swapTokensForExactETH","line":686,"loc":{"start":{"line":680,"column":4},"end":{"line":707,"column":4}}},"22":{"name":"swapExactTokensForETH","line":726,"loc":{"start":{"line":720,"column":4},"end":{"line":747,"column":4}}},"23":{"name":"swapETHForExactTokens","line":766,"loc":{"start":{"line":760,"column":4},"end":{"line":784,"column":4}}},"24":{"name":"swapExactETHForTokens","line":803,"loc":{"start":{"line":797,"column":4},"end":{"line":821,"column":4}}},"25":{"name":"setGieAppFees","line":833,"loc":{"start":{"line":830,"column":4},"end":{"line":841,"column":4}}},"26":{"name":"setGieAppContract","line":850,"loc":{"start":{"line":848,"column":4},"end":{"line":854,"column":4}}},"27":{"name":"setGieTokenContract","line":863,"loc":{"start":{"line":861,"column":4},"end":{"line":867,"column":4}}},"28":{"name":"updateDiscount","line":880,"loc":{"start":{"line":876,"column":4},"end":{"line":894,"column":4}}},"29":{"name":"transferOwnership","line":903,"loc":{"start":{"line":901,"column":4},"end":{"line":907,"column":4}}},"30":{"name":"_swap","line":916,"loc":{"start":{"line":916,"column":4},"end":{"line":931,"column":4}}},"31":{"name":"_updateDiscount","line":940,"loc":{"start":{"line":940,"column":4},"end":{"line":952,"column":4}}},"32":{"name":"_swapPreCheck","line":964,"loc":{"start":{"line":964,"column":4},"end":{"line":983,"column":4}}},"33":{"name":"_preUpdateDiscountCheck","line":993,"loc":{"start":{"line":993,"column":4},"end":{"line":1013,"column":4}}},"34":{"name":"quote","line":1023,"loc":{"start":{"line":1023,"column":4},"end":{"line":1031,"column":4}}},"35":{"name":"getAmountOut","line":1041,"loc":{"start":{"line":1041,"column":4},"end":{"line":1049,"column":4}}},"36":{"name":"getAmountIn","line":1059,"loc":{"start":{"line":1059,"column":4},"end":{"line":1067,"column":4}}},"37":{"name":"allTiers","line":1069,"loc":{"start":{"line":1069,"column":4},"end":{"line":1073,"column":4}}},"38":{"name":"getAmountsOut","line":1082,"loc":{"start":{"line":1082,"column":4},"end":{"line":1089,"column":4}}},"39":{"name":"getAmountsIn","line":1098,"loc":{"start":{"line":1098,"column":4},"end":{"line":1105,"column":4}}},"40":{"name":"getReserves","line":1115,"loc":{"start":{"line":1115,"column":4},"end":{"line":1123,"column":4}}},"41":{"name":"calculateFeesForTransaction","line":1133,"loc":{"start":{"line":1133,"column":4},"end":{"line":1142,"column":4}}},"42":{"name":"calculateDiscountPercent","line":1150,"loc":{"start":{"line":1150,"column":4},"end":{"line":1163,"column":4}}}},"statementMap":{"1":{"start":{"line":288,"column":8},"end":{"line":288,"column":101}},"2":{"start":{"line":289,"column":8},"end":{"line":289,"column":107}},"3":{"start":{"line":297,"column":8},"end":{"line":297,"column":101}},"4":{"start":{"line":298,"column":8},"end":{"line":298,"column":108}},"5":{"start":{"line":307,"column":8},"end":{"line":307,"column":107}},"6":{"start":{"line":308,"column":8},"end":{"line":308,"column":113}},"7":{"start":{"line":315,"column":8},"end":{"line":315,"column":60}},"8":{"start":{"line":316,"column":8},"end":{"line":316,"column":62}},"9":{"start":{"line":330,"column":8},"end":{"line":330,"column":56}},"10":{"start":{"line":339,"column":8},"end":{"line":339,"column":57}},"11":{"start":{"line":348,"column":8},"end":{"line":348,"column":70}},"12":{"start":{"line":366,"column":8},"end":{"line":366,"column":73}},"13":{"start":{"line":368,"column":8},"end":{"line":368,"column":70}},"14":{"start":{"line":379,"column":8},"end":{"line":379,"column":69}},"15":{"start":{"line":397,"column":8},"end":{"line":397,"column":54}},"16":{"start":{"line":398,"column":8},"end":{"line":398,"column":104}},"17":{"start":{"line":410,"column":8},"end":{"line":410,"column":68}},"18":{"start":{"line":411,"column":8},"end":{"line":411,"column":88}},"19":{"start":{"line":423,"column":8},"end":{"line":423,"column":75}},"20":{"start":{"line":424,"column":8},"end":{"line":424,"column":91}},"21":{"start":{"line":425,"column":8},"end":{"line":425,"column":48}},"22":{"start":{"line":426,"column":8},"end":{"line":426,"column":56}},"23":{"start":{"line":427,"column":8},"end":{"line":427,"column":67}},"24":{"start":{"line":439,"column":8},"end":{"line":439,"column":77}},"25":{"start":{"line":440,"column":8},"end":{"line":440,"column":91}},"26":{"start":{"line":441,"column":8},"end":{"line":441,"column":59}},"27":{"start":{"line":442,"column":8},"end":{"line":442,"column":61}},"28":{"start":{"line":454,"column":8},"end":{"line":454,"column":66}},"29":{"start":{"line":457,"column":8},"end":{"line":457,"column":12074}},"30":{"start":{"line":458,"column":12},"end":{"line":458,"column":90}},"31":{"start":{"line":471,"column":8},"end":{"line":471,"column":66}},"32":{"start":{"line":474,"column":8},"end":{"line":474,"column":12736}},"33":{"start":{"line":475,"column":12},"end":{"line":475,"column":90}},"34":{"start":{"line":514,"column":8},"end":{"line":514,"column":13650}},"35":{"start":{"line":525,"column":8},"end":{"line":525,"column":13866}},"36":{"start":{"line":530,"column":8},"end":{"line":530,"column":13981}},"37":{"start":{"line":560,"column":8},"end":{"line":560,"column":14955}},"38":{"start":{"line":609,"column":8},"end":{"line":609,"column":61}},"39":{"start":{"line":610,"column":8},"end":{"line":610,"column":71}},"40":{"start":{"line":611,"column":8},"end":{"line":611,"column":99}},"41":{"start":{"line":613,"column":8},"end":{"line":613,"column":90}},"42":{"start":{"line":614,"column":8},"end":{"line":614,"column":17396}},"43":{"start":{"line":617,"column":8},"end":{"line":617,"column":31}},"44":{"start":{"line":618,"column":8},"end":{"line":618,"column":78}},"45":{"start":{"line":619,"column":8},"end":{"line":619,"column":17665}},"46":{"start":{"line":620,"column":12},"end":{"line":620,"column":92}},"47":{"start":{"line":622,"column":8},"end":{"line":622,"column":17823}},"48":{"start":{"line":650,"column":8},"end":{"line":650,"column":61}},"49":{"start":{"line":651,"column":8},"end":{"line":651,"column":71}},"50":{"start":{"line":652,"column":8},"end":{"line":652,"column":102}},"51":{"start":{"line":654,"column":8},"end":{"line":654,"column":68}},"52":{"start":{"line":655,"column":8},"end":{"line":655,"column":19378}},"53":{"start":{"line":658,"column":8},"end":{"line":658,"column":31}},"54":{"start":{"line":659,"column":8},"end":{"line":659,"column":78}},"55":{"start":{"line":660,"column":8},"end":{"line":660,"column":19647}},"56":{"start":{"line":661,"column":12},"end":{"line":661,"column":92}},"57":{"start":{"line":663,"column":8},"end":{"line":663,"column":19805}},"58":{"start":{"line":689,"column":8},"end":{"line":689,"column":62}},"59":{"start":{"line":690,"column":8},"end":{"line":690,"column":99}},"60":{"start":{"line":692,"column":8},"end":{"line":692,"column":68}},"61":{"start":{"line":693,"column":8},"end":{"line":693,"column":21154}},"62":{"start":{"line":696,"column":8},"end":{"line":696,"column":42}},"63":{"start":{"line":697,"column":8},"end":{"line":697,"column":56}},"64":{"start":{"line":698,"column":8},"end":{"line":698,"column":70}},"65":{"start":{"line":699,"column":8},"end":{"line":699,"column":78}},"66":{"start":{"line":700,"column":8},"end":{"line":700,"column":21568}},"67":{"start":{"line":701,"column":12},"end":{"line":701,"column":92}},"68":{"start":{"line":703,"column":8},"end":{"line":703,"column":21726}},"69":{"start":{"line":729,"column":8},"end":{"line":729,"column":62}},"70":{"start":{"line":730,"column":8},"end":{"line":730,"column":96}},"71":{"start":{"line":732,"column":8},"end":{"line":732,"column":90}},"72":{"start":{"line":733,"column":8},"end":{"line":733,"column":23107}},"73":{"start":{"line":736,"column":8},"end":{"line":736,"column":42}},"74":{"start":{"line":737,"column":8},"end":{"line":737,"column":56}},"75":{"start":{"line":738,"column":8},"end":{"line":738,"column":70}},"76":{"start":{"line":739,"column":8},"end":{"line":739,"column":78}},"77":{"start":{"line":740,"column":8},"end":{"line":740,"column":23521}},"78":{"start":{"line":741,"column":12},"end":{"line":741,"column":92}},"79":{"start":{"line":743,"column":8},"end":{"line":743,"column":23679}},"80":{"start":{"line":769,"column":8},"end":{"line":769,"column":48}},"81":{"start":{"line":770,"column":8},"end":{"line":770,"column":95}},"82":{"start":{"line":772,"column":8},"end":{"line":772,"column":94}},"83":{"start":{"line":773,"column":8},"end":{"line":773,"column":47}},"84":{"start":{"line":774,"column":8},"end":{"line":774,"column":100}},"85":{"start":{"line":775,"column":8},"end":{"line":775,"column":31}},"86":{"start":{"line":776,"column":8},"end":{"line":776,"column":78}},"87":{"start":{"line":777,"column":8},"end":{"line":777,"column":25307}},"88":{"start":{"line":778,"column":12},"end":{"line":778,"column":107}},"89":{"start":{"line":780,"column":8},"end":{"line":780,"column":25495}},"90":{"start":{"line":806,"column":8},"end":{"line":806,"column":48}},"91":{"start":{"line":807,"column":8},"end":{"line":807,"column":95}},"92":{"start":{"line":809,"column":8},"end":{"line":809,"column":90}},"93":{"start":{"line":810,"column":8},"end":{"line":810,"column":47}},"94":{"start":{"line":811,"column":8},"end":{"line":811,"column":100}},"95":{"start":{"line":812,"column":8},"end":{"line":812,"column":31}},"96":{"start":{"line":813,"column":8},"end":{"line":813,"column":78}},"97":{"start":{"line":814,"column":8},"end":{"line":814,"column":27157}},"98":{"start":{"line":815,"column":12},"end":{"line":815,"column":107}},"99":{"start":{"line":817,"column":8},"end":{"line":817,"column":27345}},"100":{"start":{"line":834,"column":8},"end":{"line":834,"column":27915}},"101":{"start":{"line":851,"column":8},"end":{"line":851,"column":91}},"102":{"start":{"line":852,"column":8},"end":{"line":852,"column":88}},"103":{"start":{"line":864,"column":8},"end":{"line":864,"column":95}},"104":{"start":{"line":865,"column":8},"end":{"line":865,"column":94}},"105":{"start":{"line":881,"column":8},"end":{"line":881,"column":81}},"106":{"start":{"line":882,"column":8},"end":{"line":882,"column":98}},"107":{"start":{"line":883,"column":8},"end":{"line":883,"column":29819}},"108":{"start":{"line":884,"column":12},"end":{"line":884,"column":73}},"109":{"start":{"line":885,"column":12},"end":{"line":885,"column":73}},"110":{"start":{"line":886,"column":12},"end":{"line":886,"column":62}},"111":{"start":{"line":887,"column":15},"end":{"line":887,"column":30087}},"112":{"start":{"line":888,"column":12},"end":{"line":888,"column":73}},"113":{"start":{"line":889,"column":12},"end":{"line":889,"column":62}},"114":{"start":{"line":891,"column":12},"end":{"line":891,"column":73}},"115":{"start":{"line":892,"column":12},"end":{"line":892,"column":62}},"116":{"start":{"line":904,"column":8},"end":{"line":904,"column":77}},"117":{"start":{"line":905,"column":8},"end":{"line":905,"column":60}},"118":{"start":{"line":906,"column":8},"end":{"line":906,"column":35}},"119":{"start":{"line":921,"column":8},"end":{"line":921,"column":31244}},"120":{"start":{"line":922,"column":12},"end":{"line":922,"column":68}},"121":{"start":{"line":923,"column":12},"end":{"line":923,"column":74}},"122":{"start":{"line":924,"column":12},"end":{"line":924,"column":43}},"123":{"start":{"line":925,"column":12},"end":{"line":925,"column":110}},"124":{"start":{"line":926,"column":12},"end":{"line":926,"column":107}},"125":{"start":{"line":927,"column":12},"end":{"line":927,"column":31719}},"126":{"start":{"line":945,"column":8},"end":{"line":945,"column":32275}},"127":{"start":{"line":973,"column":8},"end":{"line":973,"column":79}},"128":{"start":{"line":975,"column":8},"end":{"line":975,"column":33492}},"129":{"start":{"line":981,"column":8},"end":{"line":981,"column":85}},"130":{"start":{"line":982,"column":8},"end":{"line":982,"column":24}},"131":{"start":{"line":999,"column":8},"end":{"line":999,"column":116}},"132":{"start":{"line":1000,"column":8},"end":{"line":1000,"column":34548}},"133":{"start":{"line":1001,"column":12},"end":{"line":1001,"column":34582}},"134":{"start":{"line":1007,"column":12},"end":{"line":1007,"column":34824}},"135":{"start":{"line":1030,"column":8},"end":{"line":1030,"column":66}},"136":{"start":{"line":1048,"column":8},"end":{"line":1048,"column":77}},"137":{"start":{"line":1066,"column":8},"end":{"line":1066,"column":77}},"138":{"start":{"line":1072,"column":8},"end":{"line":1072,"column":24}},"139":{"start":{"line":1088,"column":8},"end":{"line":1088,"column":70}},"140":{"start":{"line":1104,"column":8},"end":{"line":1104,"column":70}},"141":{"start":{"line":1122,"column":8},"end":{"line":1122,"column":68}},"142":{"start":{"line":1139,"column":8},"end":{"line":1139,"column":46}},"143":{"start":{"line":1140,"column":8},"end":{"line":1140,"column":64}},"144":{"start":{"line":1155,"column":8},"end":{"line":1155,"column":70}},"145":{"start":{"line":1156,"column":8},"end":{"line":1156,"column":39710}},"146":{"start":{"line":1157,"column":12},"end":{"line":1157,"column":39782}},"147":{"start":{"line":1162,"column":8},"end":{"line":1162,"column":30}}},"branchMap":{"1":{"line":289,"type":"if","locations":[{"start":{"line":289,"column":8},"end":{"line":289,"column":8}},{"start":{"line":289,"column":8},"end":{"line":289,"column":8}}]},"2":{"line":289,"type":"cond-expr","locations":[{"start":{"line":289,"column":28},"end":{"line":289,"column":43}},{"start":{"line":289,"column":48},"end":{"line":289,"column":71}}]},"3":{"line":298,"type":"if","locations":[{"start":{"line":298,"column":8},"end":{"line":298,"column":8}},{"start":{"line":298,"column":8},"end":{"line":298,"column":8}}]},"4":{"line":298,"type":"cond-expr","locations":[{"start":{"line":298,"column":28},"end":{"line":298,"column":43}},{"start":{"line":298,"column":48},"end":{"line":298,"column":71}}]},"5":{"line":308,"type":"if","locations":[{"start":{"line":308,"column":8},"end":{"line":308,"column":8}},{"start":{"line":308,"column":8},"end":{"line":308,"column":8}}]},"6":{"line":308,"type":"cond-expr","locations":[{"start":{"line":308,"column":28},"end":{"line":308,"column":43}},{"start":{"line":308,"column":48},"end":{"line":308,"column":71}}]},"7":{"line":316,"type":"if","locations":[{"start":{"line":316,"column":8},"end":{"line":316,"column":8}},{"start":{"line":316,"column":8},"end":{"line":316,"column":8}}]},"8":{"line":330,"type":"if","locations":[{"start":{"line":330,"column":8},"end":{"line":330,"column":8}},{"start":{"line":330,"column":8},"end":{"line":330,"column":8}}]},"9":{"line":339,"type":"if","locations":[{"start":{"line":339,"column":8},"end":{"line":339,"column":8}},{"start":{"line":339,"column":8},"end":{"line":339,"column":8}}]},"10":{"line":348,"type":"if","locations":[{"start":{"line":348,"column":8},"end":{"line":348,"column":8}},{"start":{"line":348,"column":8},"end":{"line":348,"column":8}}]},"11":{"line":348,"type":"cond-expr","locations":[{"start":{"line":348,"column":16},"end":{"line":348,"column":21}},{"start":{"line":348,"column":26},"end":{"line":348,"column":45}}]},"12":{"line":366,"type":"if","locations":[{"start":{"line":366,"column":8},"end":{"line":366,"column":8}},{"start":{"line":366,"column":8},"end":{"line":366,"column":8}}]},"13":{"line":367,"type":"if","locations":[{"start":{"line":367,"column":45},"end":{"line":367,"column":60}},{"start":{"line":367,"column":64},"end":{"line":367,"column":79}}]},"14":{"line":368,"type":"if","locations":[{"start":{"line":368,"column":8},"end":{"line":368,"column":8}},{"start":{"line":368,"column":8},"end":{"line":368,"column":8}}]},"15":{"line":399,"type":"if","locations":[{"start":{"line":399,"column":50},"end":{"line":399,"column":69}},{"start":{"line":399,"column":73},"end":{"line":399,"column":92}}]},"16":{"line":410,"type":"if","locations":[{"start":{"line":410,"column":8},"end":{"line":410,"column":8}},{"start":{"line":410,"column":8},"end":{"line":410,"column":8}}]},"17":{"line":411,"type":"if","locations":[{"start":{"line":411,"column":8},"end":{"line":411,"column":8}},{"start":{"line":411,"column":8},"end":{"line":411,"column":8}}]},"18":{"line":423,"type":"if","locations":[{"start":{"line":423,"column":8},"end":{"line":423,"column":8}},{"start":{"line":423,"column":8},"end":{"line":423,"column":8}}]},"19":{"line":424,"type":"if","locations":[{"start":{"line":424,"column":8},"end":{"line":424,"column":8}},{"start":{"line":424,"column":8},"end":{"line":424,"column":8}}]},"20":{"line":439,"type":"if","locations":[{"start":{"line":439,"column":8},"end":{"line":439,"column":8}},{"start":{"line":439,"column":8},"end":{"line":439,"column":8}}]},"21":{"line":440,"type":"if","locations":[{"start":{"line":440,"column":8},"end":{"line":440,"column":8}},{"start":{"line":440,"column":8},"end":{"line":440,"column":8}}]},"22":{"line":454,"type":"if","locations":[{"start":{"line":454,"column":8},"end":{"line":454,"column":8}},{"start":{"line":454,"column":8},"end":{"line":454,"column":8}}]},"23":{"line":471,"type":"if","locations":[{"start":{"line":471,"column":8},"end":{"line":471,"column":8}},{"start":{"line":471,"column":8},"end":{"line":471,"column":8}}]},"24":{"line":514,"type":"if","locations":[{"start":{"line":514,"column":8},"end":{"line":514,"column":8}},{"start":{"line":514,"column":8},"end":{"line":514,"column":8}}]},"25":{"line":525,"type":"if","locations":[{"start":{"line":525,"column":8},"end":{"line":525,"column":8}},{"start":{"line":525,"column":8},"end":{"line":525,"column":8}}]},"26":{"line":530,"type":"if","locations":[{"start":{"line":530,"column":8},"end":{"line":530,"column":8}},{"start":{"line":530,"column":8},"end":{"line":530,"column":8}}]},"27":{"line":560,"type":"if","locations":[{"start":{"line":560,"column":8},"end":{"line":560,"column":8}},{"start":{"line":560,"column":8},"end":{"line":560,"column":8}}]},"28":{"line":606,"type":"if","locations":[{"start":{"line":606,"column":40},"end":{"line":606,"column":40}},{"start":{"line":606,"column":40},"end":{"line":606,"column":40}}]},"29":{"line":609,"type":"if","locations":[{"start":{"line":609,"column":8},"end":{"line":609,"column":8}},{"start":{"line":609,"column":8},"end":{"line":609,"column":8}}]},"30":{"line":610,"type":"if","locations":[{"start":{"line":610,"column":8},"end":{"line":610,"column":8}},{"start":{"line":610,"column":8},"end":{"line":610,"column":8}}]},"31":{"line":613,"type":"if","locations":[{"start":{"line":613,"column":8},"end":{"line":613,"column":8}},{"start":{"line":613,"column":8},"end":{"line":613,"column":8}}]},"32":{"line":619,"type":"if","locations":[{"start":{"line":619,"column":8},"end":{"line":619,"column":8}},{"start":{"line":619,"column":8},"end":{"line":619,"column":8}}]},"33":{"line":647,"type":"if","locations":[{"start":{"line":647,"column":40},"end":{"line":647,"column":40}},{"start":{"line":647,"column":40},"end":{"line":647,"column":40}}]},"34":{"line":650,"type":"if","locations":[{"start":{"line":650,"column":8},"end":{"line":650,"column":8}},{"start":{"line":650,"column":8},"end":{"line":650,"column":8}}]},"35":{"line":651,"type":"if","locations":[{"start":{"line":651,"column":8},"end":{"line":651,"column":8}},{"start":{"line":651,"column":8},"end":{"line":651,"column":8}}]},"36":{"line":654,"type":"if","locations":[{"start":{"line":654,"column":8},"end":{"line":654,"column":8}},{"start":{"line":654,"column":8},"end":{"line":654,"column":8}}]},"37":{"line":660,"type":"if","locations":[{"start":{"line":660,"column":8},"end":{"line":660,"column":8}},{"start":{"line":660,"column":8},"end":{"line":660,"column":8}}]},"38":{"line":686,"type":"if","locations":[{"start":{"line":686,"column":40},"end":{"line":686,"column":40}},{"start":{"line":686,"column":40},"end":{"line":686,"column":40}}]},"39":{"line":689,"type":"if","locations":[{"start":{"line":689,"column":8},"end":{"line":689,"column":8}},{"start":{"line":689,"column":8},"end":{"line":689,"column":8}}]},"40":{"line":692,"type":"if","locations":[{"start":{"line":692,"column":8},"end":{"line":692,"column":8}},{"start":{"line":692,"column":8},"end":{"line":692,"column":8}}]},"41":{"line":700,"type":"if","locations":[{"start":{"line":700,"column":8},"end":{"line":700,"column":8}},{"start":{"line":700,"column":8},"end":{"line":700,"column":8}}]},"42":{"line":726,"type":"if","locations":[{"start":{"line":726,"column":40},"end":{"line":726,"column":40}},{"start":{"line":726,"column":40},"end":{"line":726,"column":40}}]},"43":{"line":729,"type":"if","locations":[{"start":{"line":729,"column":8},"end":{"line":729,"column":8}},{"start":{"line":729,"column":8},"end":{"line":729,"column":8}}]},"44":{"line":732,"type":"if","locations":[{"start":{"line":732,"column":8},"end":{"line":732,"column":8}},{"start":{"line":732,"column":8},"end":{"line":732,"column":8}}]},"45":{"line":740,"type":"if","locations":[{"start":{"line":740,"column":8},"end":{"line":740,"column":8}},{"start":{"line":740,"column":8},"end":{"line":740,"column":8}}]},"46":{"line":766,"type":"if","locations":[{"start":{"line":766,"column":40},"end":{"line":766,"column":40}},{"start":{"line":766,"column":40},"end":{"line":766,"column":40}}]},"47":{"line":769,"type":"if","locations":[{"start":{"line":769,"column":8},"end":{"line":769,"column":8}},{"start":{"line":769,"column":8},"end":{"line":769,"column":8}}]},"48":{"line":772,"type":"if","locations":[{"start":{"line":772,"column":8},"end":{"line":772,"column":8}},{"start":{"line":772,"column":8},"end":{"line":772,"column":8}}]},"49":{"line":777,"type":"if","locations":[{"start":{"line":777,"column":8},"end":{"line":777,"column":8}},{"start":{"line":777,"column":8},"end":{"line":777,"column":8}}]},"50":{"line":803,"type":"if","locations":[{"start":{"line":803,"column":40},"end":{"line":803,"column":40}},{"start":{"line":803,"column":40},"end":{"line":803,"column":40}}]},"51":{"line":806,"type":"if","locations":[{"start":{"line":806,"column":8},"end":{"line":806,"column":8}},{"start":{"line":806,"column":8},"end":{"line":806,"column":8}}]},"52":{"line":809,"type":"if","locations":[{"start":{"line":809,"column":8},"end":{"line":809,"column":8}},{"start":{"line":809,"column":8},"end":{"line":809,"column":8}}]},"53":{"line":814,"type":"if","locations":[{"start":{"line":814,"column":8},"end":{"line":814,"column":8}},{"start":{"line":814,"column":8},"end":{"line":814,"column":8}}]},"54":{"line":833,"type":"if","locations":[{"start":{"line":833,"column":15},"end":{"line":833,"column":15}},{"start":{"line":833,"column":15},"end":{"line":833,"column":15}}]},"55":{"line":833,"type":"if","locations":[{"start":{"line":833,"column":27},"end":{"line":833,"column":27}},{"start":{"line":833,"column":27},"end":{"line":833,"column":27}}]},"56":{"line":834,"type":"if","locations":[{"start":{"line":834,"column":8},"end":{"line":834,"column":8}},{"start":{"line":834,"column":8},"end":{"line":834,"column":8}}]},"57":{"line":835,"type":"cond-expr","locations":[{"start":{"line":835,"column":12},"end":{"line":835,"column":29}},{"start":{"line":836,"column":12},"end":{"line":836,"column":41}}]},"58":{"line":850,"type":"if","locations":[{"start":{"line":850,"column":15},"end":{"line":850,"column":15}},{"start":{"line":850,"column":15},"end":{"line":850,"column":15}}]},"59":{"line":851,"type":"if","locations":[{"start":{"line":851,"column":8},"end":{"line":851,"column":8}},{"start":{"line":851,"column":8},"end":{"line":851,"column":8}}]},"60":{"line":852,"type":"if","locations":[{"start":{"line":852,"column":8},"end":{"line":852,"column":8}},{"start":{"line":852,"column":8},"end":{"line":852,"column":8}}]},"61":{"line":863,"type":"if","locations":[{"start":{"line":863,"column":15},"end":{"line":863,"column":15}},{"start":{"line":863,"column":15},"end":{"line":863,"column":15}}]},"62":{"line":864,"type":"if","locations":[{"start":{"line":864,"column":8},"end":{"line":864,"column":8}},{"start":{"line":864,"column":8},"end":{"line":864,"column":8}}]},"63":{"line":865,"type":"if","locations":[{"start":{"line":865,"column":8},"end":{"line":865,"column":8}},{"start":{"line":865,"column":8},"end":{"line":865,"column":8}}]},"64":{"line":880,"type":"if","locations":[{"start":{"line":880,"column":15},"end":{"line":880,"column":15}},{"start":{"line":880,"column":15},"end":{"line":880,"column":15}}]},"65":{"line":881,"type":"if","locations":[{"start":{"line":881,"column":8},"end":{"line":881,"column":8}},{"start":{"line":881,"column":8},"end":{"line":881,"column":8}}]},"66":{"line":882,"type":"if","locations":[{"start":{"line":882,"column":8},"end":{"line":882,"column":8}},{"start":{"line":882,"column":8},"end":{"line":882,"column":8}}]},"67":{"line":883,"type":"if","locations":[{"start":{"line":883,"column":8},"end":{"line":883,"column":8}},{"start":{"line":883,"column":8},"end":{"line":883,"column":8}}]},"68":{"line":887,"type":"if","locations":[{"start":{"line":887,"column":15},"end":{"line":887,"column":15}},{"start":{"line":887,"column":15},"end":{"line":887,"column":15}}]},"69":{"line":903,"type":"if","locations":[{"start":{"line":903,"column":22},"end":{"line":903,"column":22}},{"start":{"line":903,"column":22},"end":{"line":903,"column":22}}]},"70":{"line":904,"type":"if","locations":[{"start":{"line":904,"column":8},"end":{"line":904,"column":8}},{"start":{"line":904,"column":8},"end":{"line":904,"column":8}}]},"71":{"line":905,"type":"if","locations":[{"start":{"line":905,"column":8},"end":{"line":905,"column":8}},{"start":{"line":905,"column":8},"end":{"line":905,"column":8}}]},"72":{"line":925,"type":"if","locations":[{"start":{"line":925,"column":67},"end":{"line":925,"column":86}},{"start":{"line":925,"column":90},"end":{"line":925,"column":109}}]},"73":{"line":926,"type":"if","locations":[{"start":{"line":926,"column":47},"end":{"line":926,"column":100}},{"start":{"line":926,"column":104},"end":{"line":926,"column":106}}]},"74":{"line":945,"type":"if","locations":[{"start":{"line":945,"column":8},"end":{"line":945,"column":8}},{"start":{"line":945,"column":8},"end":{"line":945,"column":8}}]},"75":{"line":946,"type":"cond-expr","locations":[{"start":{"line":946,"column":12},"end":{"line":946,"column":53}},{"start":{"line":947,"column":12},"end":{"line":947,"column":71}}]},"76":{"line":975,"type":"if","locations":[{"start":{"line":975,"column":8},"end":{"line":975,"column":8}},{"start":{"line":975,"column":8},"end":{"line":975,"column":8}}]},"77":{"line":981,"type":"if","locations":[{"start":{"line":981,"column":8},"end":{"line":981,"column":8}},{"start":{"line":981,"column":8},"end":{"line":981,"column":8}}]},"78":{"line":1000,"type":"if","locations":[{"start":{"line":1000,"column":8},"end":{"line":1000,"column":8}},{"start":{"line":1000,"column":8},"end":{"line":1000,"column":8}}]},"79":{"line":1001,"type":"if","locations":[{"start":{"line":1001,"column":12},"end":{"line":1001,"column":12}},{"start":{"line":1001,"column":12},"end":{"line":1001,"column":12}}]},"80":{"line":1007,"type":"if","locations":[{"start":{"line":1007,"column":12},"end":{"line":1007,"column":12}},{"start":{"line":1007,"column":12},"end":{"line":1007,"column":12}}]},"81":{"line":1139,"type":"if","locations":[{"start":{"line":1139,"column":8},"end":{"line":1139,"column":8}},{"start":{"line":1139,"column":8},"end":{"line":1139,"column":8}}]},"82":{"line":1157,"type":"if","locations":[{"start":{"line":1157,"column":12},"end":{"line":1157,"column":12}},{"start":{"line":1157,"column":12},"end":{"line":1157,"column":12}}]}}}}
