TN:
SF:D:\Bhupesh\Office\gie-contracts\contract-solidity-gie-dev\contracts\AppFees.sol
FN:44,transfer
FN:60,transferOwnership
FN:71,getBalance
FNF:3
FNH:0
FNDA:0,transfer
FNDA:0,transferOwnership
FNDA:0,getBalance
DA:31,0
DA:32,0
DA:45,0
DA:46,0
DA:47,0
DA:48,0
DA:49,0
DA:50,0
DA:61,0
DA:62,0
DA:63,0
DA:74,0
LF:12
LH:0
BRDA:44,1,0,0
BRDA:44,1,1,0
BRDA:45,2,0,0
BRDA:45,2,1,0
BRDA:46,3,0,0
BRDA:46,3,1,0
BRDA:47,4,0,0
BRDA:47,4,1,0
BRDA:49,5,0,0
BRDA:49,5,1,0
BRDA:60,6,0,0
BRDA:60,6,1,0
BRDA:61,7,0,0
BRDA:61,7,1,0
BRDA:62,8,0,0
BRDA:62,8,1,0
BRF:16
BRH:0
end_of_record
TN:
SF:D:\Bhupesh\Office\gie-contracts\contract-solidity-gie-dev\contracts\GieToken.sol
FN:29,constructor
FN:45,transferOwnership
FN:58,transfer
FN:78,mint
FN:92,burn
FN:104,approve
FN:124,transferFrom
FN:144,increaseAllowance
FN:162,decreaseAllowance
FN:182,_transfer
FN:202,_mint
FN:218,_burn
FN:237,_approve
FN:255,_spendAllowance
FN:272,name
FN:283,symbol
FN:294,decimals
FN:305,totalSupply
FN:317,balanceOf
FN:332,allowance
FNF:20
FNH:3
FNDA:3,constructor
FNDA:0,transferOwnership
FNDA:0,transfer
FNDA:0,mint
FNDA:0,burn
FNDA:0,approve
FNDA:0,transferFrom
FNDA:0,increaseAllowance
FNDA:0,decreaseAllowance
FNDA:0,_transfer
FNDA:3,_mint
FNDA:0,_burn
FNDA:0,_approve
FNDA:0,_spendAllowance
FNDA:0,name
FNDA:0,symbol
FNDA:0,decimals
FNDA:0,totalSupply
FNDA:6,balanceOf
FNDA:0,allowance
DA:33,3
DA:34,3
DA:35,3
DA:46,0
DA:47,0
DA:48,0
DA:64,0
DA:65,0
DA:66,0
DA:79,0
DA:80,0
DA:93,0
DA:94,0
DA:110,0
DA:111,0
DA:112,0
DA:113,0
DA:131,0
DA:132,0
DA:133,0
DA:134,0
DA:150,0
DA:151,0
DA:152,0
DA:168,0
DA:169,0
DA:170,0
DA:171,0
DA:172,0
DA:187,0
DA:188,0
DA:189,0
DA:190,0
DA:191,0
DA:192,0
DA:193,0
DA:206,3
DA:207,3
DA:208,3
DA:209,3
DA:222,0
DA:223,0
DA:224,0
DA:225,0
DA:226,0
DA:227,0
DA:242,0
DA:243,0
DA:244,0
DA:245,0
DA:260,0
DA:261,0
DA:262,0
DA:263,0
DA:275,0
DA:286,0
DA:297,0
DA:308,0
DA:322,6
DA:338,0
LF:60
LH:8
BRDA:45,1,0,0
BRDA:45,1,1,0
BRDA:46,2,0,0
BRDA:46,2,1,0
BRDA:47,3,0,0
BRDA:47,3,1,0
BRDA:78,4,0,0
BRDA:78,4,1,0
BRDA:79,5,0,0
BRDA:79,5,1,0
BRDA:92,6,0,0
BRDA:92,6,1,0
BRDA:93,7,0,0
BRDA:93,7,1,0
BRDA:110,8,0,0
BRDA:110,8,1,0
BRDA:170,9,0,0
BRDA:170,9,1,0
BRDA:187,10,0,0
BRDA:187,10,1,0
BRDA:188,11,0,0
BRDA:188,11,1,0
BRDA:190,12,0,0
BRDA:190,12,1,0
BRDA:206,13,0,3
BRDA:206,13,1,0
BRDA:222,14,0,0
BRDA:222,14,1,0
BRDA:224,15,0,0
BRDA:224,15,1,0
BRDA:242,16,0,0
BRDA:242,16,1,0
BRDA:243,17,0,0
BRDA:243,17,1,0
BRDA:261,18,0,0
BRDA:261,18,1,0
BRDA:262,19,0,0
BRDA:262,19,1,0
BRF:38
BRH:1
end_of_record
TN:
SF:D:\Bhupesh\Office\gie-contracts\contract-solidity-gie-dev\contracts\TokensSwap.sol
FN:283,safeApprove
FN:292,safeTransfer
FN:301,safeTransferFrom
FN:311,safeTransferETH
FN:324,add
FN:333,sub
FN:342,mul
FN:359,sortTokens
FN:372,pairFor
FN:389,getReserves
FN:403,quote
FN:416,getAmountOut
FN:432,getAmountIn
FN:447,getAmountsOut
FN:464,getAmountsIn
FN:511,ensure
FN:521,onlyValidFees
FN:559,constructor
FN:606,swapExactTokensForTokens
FN:647,swapTokensForExactTokens
FN:686,swapTokensForExactETH
FN:726,swapExactTokensForETH
FN:766,swapETHForExactTokens
FN:803,swapExactETHForTokens
FN:833,setGieAppFees
FN:850,setGieAppContract
FN:863,setGieTokenContract
FN:880,updateDiscount
FN:903,transferOwnership
FN:916,_swap
FN:940,_updateDiscount
FN:964,_swapPreCheck
FN:993,_preUpdateDiscountCheck
FN:1023,quote
FN:1041,getAmountOut
FN:1059,getAmountIn
FN:1069,allTiers
FN:1082,getAmountsOut
FN:1098,getAmountsIn
FN:1115,getReserves
FN:1133,calculateFeesForTransaction
FN:1150,calculateDiscountPercent
FNF:42
FNH:34
FNDA:0,safeApprove
FNDA:0,safeTransfer
FNDA:0,safeTransferFrom
FNDA:0,safeTransferETH
FNDA:0,add
FNDA:0,sub
FNDA:0,mul
FNDA:104,sortTokens
FNDA:52,pairFor
FNDA:52,getReserves
FNDA:2,quote
FNDA:2,getAmountOut
FNDA:2,getAmountIn
FNDA:17,getAmountsOut
FNDA:14,getAmountsIn
FNDA:12,ensure
FNDA:15,onlyValidFees
FNDA:7,constructor
FNDA:2,swapExactTokensForTokens
FNDA:1,swapTokensForExactTokens
FNDA:1,swapTokensForExactETH
FNDA:2,swapExactTokensForETH
FNDA:2,swapETHForExactTokens
FNDA:2,swapExactETHForTokens
FNDA:2,setGieAppFees
FNDA:3,setGieAppContract
FNDA:3,setGieTokenContract
FNDA:13,updateDiscount
FNDA:4,transferOwnership
FNDA:0,_swap
FNDA:2,_updateDiscount
FNDA:6,_swapPreCheck
FNDA:11,_preUpdateDiscountCheck
FNDA:2,quote
FNDA:2,getAmountOut
FNDA:2,getAmountIn
FNDA:1,allTiers
FNDA:17,getAmountsOut
FNDA:14,getAmountsIn
FNDA:21,getReserves
FNDA:10,calculateFeesForTransaction
FNDA:6,calculateDiscountPercent
DA:288,0
DA:289,0
DA:297,0
DA:298,0
DA:307,0
DA:308,0
DA:315,0
DA:316,0
DA:330,0
DA:339,0
DA:348,0
DA:366,104
DA:367,104
DA:368,104
DA:379,52
DA:380,52
DA:397,52
DA:398,52
DA:399,0
DA:410,2
DA:411,1
DA:412,0
DA:423,2
DA:424,1
DA:425,0
DA:426,0
DA:427,0
DA:428,0
DA:439,2
DA:440,1
DA:441,0
DA:442,0
DA:443,0
DA:454,17
DA:455,17
DA:456,17
DA:457,17
DA:458,17
DA:459,0
DA:471,14
DA:472,14
DA:473,14
DA:474,14
DA:475,14
DA:476,0
DA:514,12
DA:518,10
DA:525,15
DA:530,11
DA:534,9
DA:560,7
DA:567,3
DA:568,3
DA:569,3
DA:570,3
DA:571,3
DA:572,3
DA:573,3
DA:574,3
DA:575,3
DA:576,3
DA:584,0
DA:609,2
DA:610,2
DA:611,2
DA:612,0
DA:613,0
DA:614,0
DA:617,0
DA:618,0
DA:619,0
DA:620,0
DA:622,0
DA:650,1
DA:651,1
DA:652,1
DA:653,0
DA:654,0
DA:655,0
DA:658,0
DA:659,0
DA:660,0
DA:661,0
DA:663,0
DA:689,1
DA:690,0
DA:691,0
DA:692,0
DA:693,0
DA:696,0
DA:697,0
DA:698,0
DA:699,0
DA:700,0
DA:701,0
DA:703,0
DA:729,2
DA:730,1
DA:731,0
DA:732,0
DA:733,0
DA:736,0
DA:737,0
DA:738,0
DA:739,0
DA:740,0
DA:741,0
DA:743,0
DA:769,2
DA:770,1
DA:771,0
DA:772,0
DA:773,0
DA:774,0
DA:775,0
DA:776,0
DA:777,0
DA:778,0
DA:780,0
DA:806,2
DA:807,1
DA:808,0
DA:809,0
DA:810,0
DA:811,0
DA:812,0
DA:813,0
DA:814,0
DA:815,0
DA:817,0
DA:834,2
DA:839,1
DA:840,1
DA:851,3
DA:852,2
DA:853,1
DA:864,3
DA:865,2
DA:866,1
DA:881,13
DA:882,12
DA:883,10
DA:884,4
DA:885,1
DA:886,0
DA:888,4
DA:889,2
DA:891,2
DA:892,0
DA:904,4
DA:905,3
DA:906,2
DA:921,0
DA:922,0
DA:923,0
DA:924,0
DA:925,0
DA:926,0
DA:927,0
DA:945,2
DA:950,1
DA:951,1
DA:973,6
DA:974,6
DA:975,1
DA:976,0
DA:978,1
DA:979,0
DA:981,0
DA:982,0
DA:999,11
DA:1000,11
DA:1001,3
DA:1007,8
DA:1030,2
DA:1048,2
DA:1066,2
DA:1072,1
DA:1088,17
DA:1104,14
DA:1122,21
DA:1139,10
DA:1140,4
DA:1141,4
DA:1155,6
DA:1156,6
DA:1157,9
DA:1158,5
DA:1159,5
DA:1162,6
LF:190
LH:99
BRDA:289,1,0,0
BRDA:289,1,1,0
BRDA:289,2,0,0
BRDA:289,2,1,0
BRDA:298,3,0,0
BRDA:298,3,1,0
BRDA:298,4,0,0
BRDA:298,4,1,0
BRDA:308,5,0,0
BRDA:308,5,1,0
BRDA:308,6,0,0
BRDA:308,6,1,0
BRDA:316,7,0,0
BRDA:316,7,1,0
BRDA:330,8,0,0
BRDA:330,8,1,0
BRDA:339,9,0,0
BRDA:339,9,1,0
BRDA:348,10,0,0
BRDA:348,10,1,0
BRDA:348,11,0,0
BRDA:348,11,1,0
BRDA:366,12,0,104
BRDA:366,12,1,0
BRDA:367,13,0,62
BRDA:367,13,1,42
BRDA:368,14,0,104
BRDA:368,14,1,0
BRDA:399,15,0,0
BRDA:399,15,1,0
BRDA:410,16,0,1
BRDA:410,16,1,1
BRDA:411,17,0,0
BRDA:411,17,1,1
BRDA:423,18,0,1
BRDA:423,18,1,1
BRDA:424,19,0,0
BRDA:424,19,1,1
BRDA:439,20,0,1
BRDA:439,20,1,1
BRDA:440,21,0,0
BRDA:440,21,1,1
BRDA:454,22,0,17
BRDA:454,22,1,0
BRDA:471,23,0,14
BRDA:471,23,1,0
BRDA:514,24,0,10
BRDA:514,24,1,2
BRDA:525,25,0,11
BRDA:525,25,1,4
BRDA:530,26,0,9
BRDA:530,26,1,2
BRDA:560,27,0,3
BRDA:560,27,1,4
BRDA:606,28,0,2
BRDA:606,28,1,0
BRDA:609,29,0,2
BRDA:609,29,1,0
BRDA:610,30,0,2
BRDA:610,30,1,0
BRDA:613,31,0,0
BRDA:613,31,1,0
BRDA:619,32,0,0
BRDA:619,32,1,0
BRDA:647,33,0,1
BRDA:647,33,1,1
BRDA:650,34,0,1
BRDA:650,34,1,0
BRDA:651,35,0,1
BRDA:651,35,1,0
BRDA:654,36,0,0
BRDA:654,36,1,0
BRDA:660,37,0,0
BRDA:660,37,1,0
BRDA:686,38,0,1
BRDA:686,38,1,1
BRDA:689,39,0,0
BRDA:689,39,1,1
BRDA:692,40,0,0
BRDA:692,40,1,0
BRDA:700,41,0,0
BRDA:700,41,1,0
BRDA:726,42,0,2
BRDA:726,42,1,0
BRDA:729,43,0,1
BRDA:729,43,1,1
BRDA:732,44,0,0
BRDA:732,44,1,0
BRDA:740,45,0,0
BRDA:740,45,1,0
BRDA:766,46,0,2
BRDA:766,46,1,0
BRDA:769,47,0,1
BRDA:769,47,1,1
BRDA:772,48,0,0
BRDA:772,48,1,0
BRDA:777,49,0,0
BRDA:777,49,1,0
BRDA:803,50,0,2
BRDA:803,50,1,0
BRDA:806,51,0,1
BRDA:806,51,1,1
BRDA:809,52,0,0
BRDA:809,52,1,0
BRDA:814,53,0,0
BRDA:814,53,1,0
BRDA:833,54,0,5
BRDA:833,54,1,1
BRDA:833,55,0,2
BRDA:833,55,1,3
BRDA:834,56,0,1
BRDA:834,56,1,1
BRDA:835,57,0,1
BRDA:835,57,1,0
BRDA:850,58,0,3
BRDA:850,58,1,1
BRDA:851,59,0,2
BRDA:851,59,1,1
BRDA:852,60,0,1
BRDA:852,60,1,1
BRDA:863,61,0,3
BRDA:863,61,1,1
BRDA:864,62,0,2
BRDA:864,62,1,1
BRDA:865,63,0,1
BRDA:865,63,1,1
BRDA:880,64,0,13
BRDA:880,64,1,1
BRDA:881,65,0,12
BRDA:881,65,1,1
BRDA:882,66,0,10
BRDA:882,66,1,2
BRDA:883,67,0,4
BRDA:883,67,1,6
BRDA:887,68,0,4
BRDA:887,68,1,2
BRDA:903,69,0,4
BRDA:903,69,1,1
BRDA:904,70,0,3
BRDA:904,70,1,1
BRDA:905,71,0,2
BRDA:905,71,1,1
BRDA:925,72,0,0
BRDA:925,72,1,0
BRDA:926,73,0,0
BRDA:926,73,1,0
BRDA:945,74,0,1
BRDA:945,74,1,1
BRDA:946,75,0,1
BRDA:946,75,1,0
BRDA:975,76,0,0
BRDA:975,76,1,1
BRDA:981,77,0,0
BRDA:981,77,1,0
BRDA:1000,78,0,3
BRDA:1000,78,1,8
BRDA:1001,79,0,0
BRDA:1001,79,1,3
BRDA:1007,80,0,3
BRDA:1007,80,1,5
BRDA:1139,81,0,4
BRDA:1139,81,1,6
BRDA:1157,82,0,5
BRDA:1157,82,1,4
BRF:164
BRH:90
end_of_record
